2026-04-08 14:35:23 INFO  BaseTest:40 - Test Started
2026-04-08 15:38:17 INFO  BaseTest:40 - Test Started
2026-04-08 15:38:24 INFO  BaseTest:48 - Hover Completed
2026-04-08 15:38:28 INFO  BaseTest:55 - Test Successful
2026-04-08 15:42:00 INFO  BaseTest:55 - Starting test: testActionsMouseHovers
2026-04-08 15:42:00 INFO  BaseTest:40 - Test Started
2026-04-08 15:42:10 INFO  BaseTest:48 - Hover Completed
2026-04-08 15:42:14 INFO  BaseTest:55 - Test Successful
2026-04-08 15:42:15 INFO  BaseTest:55 - Test Passed
2026-04-08 15:47:01 INFO  BaseTest:55 - Login Successful
2026-04-08 15:47:03 INFO  BaseTest:55 - Login Successful
2026-04-08 15:47:03 INFO  BaseTest:55 - Starting test: testBasicAuthUsingRobot
2026-04-08 15:47:04 INFO  BaseTest:55 - Starting test: validateUserInformation
2026-04-08 15:47:06 INFO  BaseTest:55 - Starting test: ValidateAssignLeave
2026-04-08 15:47:07 INFO  BaseTest:55 - Login Successful
2026-04-08 15:47:08 INFO  BaseTest:55 - Login Successful
2026-04-08 15:47:10 INFO  BaseTest:55 - Starting test: ValidateAssignLeave
2026-04-08 15:47:11 INFO  BaseTest:55 - Starting test: ValidateUserSearch
2026-04-08 15:47:21 INFO  BaseTest:55 - Starting test: testBasicAuthUsingURL
2026-04-08 15:47:33 INFO  BaseTest:55 - Starting test: validateUserInformationAfterUpdate
2026-04-08 15:47:36 INFO  BaseTest:55 - User Details Saved
2026-04-08 15:47:36 INFO  BaseTest:55 - Test Passed
2026-04-08 15:47:37 INFO  BaseTest:55 - Test Passed
2026-04-08 15:47:37 INFO  BaseTest:55 - Starting test: testBasicAuthUsingAutoIT
2026-04-08 15:47:37 INFO  BaseTest:55 - Employee Name is validated successfully
2026-04-08 15:47:37 INFO  BaseTest:55 - Test Passed
2026-04-08 15:47:39 INFO  BaseTest:55 - User Found Successfully
2026-04-08 15:47:42 INFO  BaseTest:55 - Test Passed
2026-04-08 15:47:43 INFO  BaseTest:55 - Logout Successful
2026-04-08 15:47:44 INFO  BaseTest:55 - Leave Records Found Successfully
2026-04-08 15:47:44 INFO  BaseTest:55 - Test Passed
2026-04-08 15:47:45 INFO  BaseTest:55 - Logout Successful
2026-04-08 15:47:49 INFO  BaseTest:55 - Logout Successful
2026-04-08 15:47:54 INFO  BaseTest:55 - Logout Successful
2026-04-08 15:47:55 INFO  BaseTest:55 - Starting test: testActionsMouseHovers
2026-04-08 15:47:55 INFO  BaseTest:40 - Test Started
2026-04-08 15:48:03 INFO  BaseTest:48 - Hover Completed
2026-04-08 15:48:07 INFO  BaseTest:55 - Test Successful
2026-04-08 15:48:07 INFO  BaseTest:55 - Test Passed
2026-04-08 16:03:37 INFO  BaseTest:41 - Test Started
2026-04-08 16:03:45 INFO  BaseTest:49 - Hover Completed
2026-04-08 16:03:49 INFO  BaseTest:56 - Test Successful
2026-04-08 16:03:49 INFO  BaseTest:68 - Test Key Press Started
2026-04-08 16:25:16 INFO  BaseTest:55 - Starting test: testKeyPresses
2026-04-08 16:25:16 INFO  BaseTest:55 - Starting test: testActionsMouseHovers
2026-04-08 16:25:16 ERROR BaseTest:62 - Test Skipped: io.github.bonigarcia.wdm.config.WebDriverManagerException: io.github.bonigarcia.wdm.config.WebDriverManagerException: java.net.UnknownHostException: msedgedriver.azureedge.net
2026-04-08 16:25:16 ERROR BaseTest:62 - Test Skipped: io.github.bonigarcia.wdm.config.WebDriverManagerException: io.github.bonigarcia.wdm.config.WebDriverManagerException: java.net.UnknownHostException: msedgedriver.azureedge.net
2026-04-08 16:47:45 INFO  BaseTest:55 - Starting test: testKeyPresses
2026-04-08 16:47:45 INFO  BaseTest:55 - Starting test: testActionsMouseHovers
2026-04-08 16:47:45 INFO  BaseTest:41 - Test Started
2026-04-08 16:47:45 INFO  BaseTest:68 - Test Key Press Started
2026-04-08 16:50:10 INFO  BaseTest:55 - Starting test: testKeyPresses
2026-04-08 16:50:10 INFO  BaseTest:55 - Starting test: testActionsMouseHovers
2026-04-08 16:50:10 INFO  BaseTest:41 - Test Started
2026-04-08 16:50:10 INFO  BaseTest:68 - Test Key Press Started
2026-04-08 16:50:19 INFO  BaseTest:55 - Test Passed
2026-04-08 16:53:06 INFO  BaseTest:55 - Starting test: testActionsMouseHovers
2026-04-08 16:53:06 INFO  BaseTest:41 - Test Started
2026-04-08 16:53:11 INFO  BaseTest:55 - Starting test: testActionsMouseHovers
2026-04-08 16:53:11 INFO  BaseTest:41 - Test Started
2026-04-08 16:53:14 INFO  BaseTest:49 - Hover Completed
2026-04-08 16:53:17 INFO  BaseTest:56 - Test Successful
2026-04-08 16:53:18 INFO  BaseTest:55 - Test Passed
2026-04-08 16:53:18 INFO  BaseTest:55 - Starting test: testKeyPresses
2026-04-08 16:53:18 INFO  BaseTest:68 - Test Key Press Started
2026-04-08 16:53:19 INFO  BaseTest:49 - Hover Completed
2026-04-08 16:53:22 INFO  BaseTest:56 - Test Successful
2026-04-08 16:53:22 INFO  BaseTest:55 - Test Passed
2026-04-08 16:53:22 INFO  BaseTest:55 - Starting test: testKeyPresses
2026-04-08 16:53:22 INFO  BaseTest:68 - Test Key Press Started
2026-04-08 16:53:31 INFO  BaseTest:55 - Test Passed
2026-04-08 16:53:32 INFO  BaseTest:55 - Test Passed
2026-04-08 17:02:58 INFO  BaseTest:55 - Starting test: testActionsMouseHovers
2026-04-08 17:02:58 INFO  BaseTest:55 - Starting test: testKeyPresses
2026-04-08 17:02:58 INFO  BaseTest:68 - Test Key Press Started
2026-04-08 17:02:58 INFO  BaseTest:41 - Test Started
2026-04-08 17:03:07 INFO  BaseTest:55 - Test Passed
2026-04-08 17:03:19 INFO  BaseTest:55 - Starting test: testActionsMouseHovers
2026-04-08 17:03:19 INFO  BaseTest:55 - Starting test: testKeyPresses
2026-04-08 17:03:19 INFO  BaseTest:68 - Test Key Press Started
2026-04-08 17:03:19 INFO  BaseTest:41 - Test Started
2026-04-08 17:03:27 INFO  BaseTest:55 - Test Passed
2026-04-08 17:10:10 INFO  BaseTest:55 - Starting test: testActionsMouseHovers
2026-04-08 17:10:10 INFO  BaseTest:41 - Test Started
2026-04-08 17:10:18 INFO  BaseTest:49 - Hover Completed
2026-04-08 17:10:22 INFO  BaseTest:56 - Test Successful
2026-04-08 17:10:22 INFO  BaseTest:55 - Test Passed
2026-04-08 17:10:35 INFO  BaseTest:55 - Starting test: testActionsMouseHovers
2026-04-08 17:10:35 INFO  BaseTest:41 - Test Started
2026-04-08 17:10:51 INFO  BaseTest:49 - Hover Completed
2026-04-08 17:10:54 INFO  BaseTest:56 - Test Successful
2026-04-08 17:10:55 INFO  BaseTest:55 - Test Passed
2026-04-08 19:29:36 INFO  BaseTest:56 - Starting test: testActionsMouseHovers
2026-04-08 19:29:36 INFO  BaseTest:41 - Test Started
2026-04-08 19:29:48 INFO  BaseTest:49 - Hover Completed
2026-04-08 19:29:53 INFO  BaseTest:56 - Test Successful
2026-04-08 19:29:54 INFO  BaseTest:56 - Test Passed
2026-04-08 19:29:54 INFO  BaseTest:56 - Starting test: testKeyPresses
2026-04-08 19:29:54 INFO  BaseTest:68 - Test Key Press Started
2026-04-08 19:36:59 INFO  BaseTest:41 - Test Started
2026-04-08 19:37:07 INFO  BaseTest:49 - Hover Completed
2026-04-08 19:37:10 INFO  BaseTest:56 - Test Successful
2026-04-08 19:37:11 INFO  BaseTest:68 - Test Key Press Started
2026-04-08 19:55:32 INFO  BaseTest:62 - Starting test: testActionsMouseHovers
2026-04-08 19:55:32 INFO  BaseTest:41 - Test Started
2026-04-08 19:55:39 INFO  BaseTest:49 - Hover Completed
2026-04-08 19:55:43 INFO  BaseTest:56 - Test Successful
2026-04-08 19:55:43 INFO  BaseTest:62 - Test Passed
2026-04-08 19:55:43 INFO  BaseTest:62 - Starting test: testKeyPresses
2026-04-08 19:55:43 INFO  BaseTest:68 - Test Key Press Started
2026-04-09 09:50:49 INFO  BaseTest:62 - Starting test: testBasicAuthUsingRobot
2026-04-09 09:51:08 INFO  BaseTest:62 - Test Passed
2026-04-09 09:51:18 INFO  BaseTest:62 - Starting test: testActionsMouseHovers
2026-04-09 09:51:18 INFO  BaseTest:41 - Test Started
2026-04-09 09:51:25 INFO  BaseTest:49 - Hover Completed
2026-04-09 09:51:29 INFO  BaseTest:56 - Test Successful
2026-04-09 09:51:29 INFO  BaseTest:62 - Test Passed
2026-04-09 09:51:29 INFO  BaseTest:62 - Starting test: testBasicAuthUsingURL
2026-04-09 09:51:40 INFO  BaseTest:62 - Test Passed
2026-04-09 09:51:40 INFO  BaseTest:62 - Starting test: testBasicAuthUsingAutoIT
2026-04-09 09:51:56 INFO  BaseTest:62 - Test Passed
2026-04-09 09:51:56 INFO  BaseTest:62 - Starting test: testKeyPresses
2026-04-09 09:51:56 INFO  BaseTest:68 - Test Key Press Started
2026-04-09 10:15:44 INFO  BaseTest:62 - Login Successful
2026-04-09 10:15:44 INFO  BaseTest:62 - Login Successful
2026-04-09 10:15:44 INFO  BaseTest:62 - Login Successful
2026-04-09 10:15:47 INFO  BaseTest:62 - Starting test: ValidateUserSearch
2026-04-09 10:15:47 INFO  BaseTest:62 - Starting test: ValidateAssignLeave
2026-04-09 10:15:47 INFO  BaseTest:62 - Starting test: ValidateAssignLeave
2026-04-09 10:15:49 INFO  BaseTest:62 - Employee Name is validated successfully
2026-04-09 10:15:49 INFO  BaseTest:62 - Test Passed
2026-04-09 10:15:50 INFO  BaseTest:62 - Leave Records Found Successfully
2026-04-09 10:15:50 INFO  BaseTest:62 - Test Passed
2026-04-09 10:15:50 INFO  BaseTest:62 - User Found Successfully
2026-04-09 10:15:51 INFO  BaseTest:62 - Logout Successful
2026-04-09 10:15:51 INFO  BaseTest:62 - Logout Successful
2026-04-09 10:15:53 INFO  BaseTest:62 - Test Passed
2026-04-09 10:15:54 INFO  BaseTest:62 - Logout Successful
2026-04-09 10:15:56 INFO  BaseTest:62 - Starting test: testBasicAuthUsingRobot
2026-04-09 10:15:59 INFO  BaseTest:62 - Login Successful
2026-04-09 10:16:01 INFO  BaseTest:62 - Starting test: testActionsMouseHovers
2026-04-09 10:16:01 INFO  BaseTest:41 - Test Started
2026-04-09 10:16:02 INFO  BaseTest:62 - Starting test: validateUserInformation
2026-04-09 10:16:06 INFO  BaseTest:62 - Starting test: validateUserInformationAfterUpdate
2026-04-09 10:16:10 INFO  BaseTest:62 - User Details Saved
2026-04-09 10:16:10 INFO  BaseTest:62 - Test Passed
2026-04-09 10:16:11 INFO  BaseTest:62 - Logout Successful
2026-04-09 11:43:50 INFO  BaseTest:41 - File Upload Test Started
2026-04-09 11:45:45 INFO  BaseTest:41 - File Upload Test Started
2026-04-09 11:53:45 INFO  BaseTest:41 - File Upload Test Started
2026-04-09 11:55:37 INFO  BaseTest:41 - File Upload Test Started
2026-04-09 11:56:20 INFO  BaseTest:41 - File Upload Test Started
2026-04-09 11:58:30 INFO  BaseTest:41 - File Upload Test Started
2026-04-09 12:00:28 INFO  BaseTest:41 - File Upload Test Started
2026-04-09 12:10:43 INFO  BaseTest:43 - File Upload Test Started
2026-04-09 12:10:56 INFO  BaseTest:62 - File Uploaded Successfully
2026-04-09 12:11:00 INFO  BaseTest:62 - Upload Button clicked
2026-04-09 12:11:00 INFO  BaseTest:62 - Uploaded File can be seen
2026-04-09 12:11:00 INFO  BaseTest:68 - Test File Upload with Robot Started
2026-04-09 12:13:15 INFO  BaseTest:43 - File Upload Test Started
2026-04-09 12:13:28 INFO  BaseTest:62 - File Uploaded Successfully
2026-04-09 12:13:32 INFO  BaseTest:62 - Upload Button clicked
2026-04-09 12:13:32 INFO  BaseTest:62 - Uploaded File can be seen
2026-04-09 12:13:40 INFO  BaseTest:73 - Test File Upload with Robot Started
2026-04-09 12:15:13 INFO  BaseTest:43 - File Upload Test Started
2026-04-09 12:15:25 INFO  BaseTest:62 - File Uploaded Successfully
2026-04-09 12:15:29 INFO  BaseTest:62 - Upload Button clicked
2026-04-09 12:15:29 INFO  BaseTest:62 - Uploaded File can be seen
2026-04-09 12:15:40 INFO  BaseTest:73 - Test File Upload with Robot Started
2026-04-09 12:22:19 INFO  BaseTest:44 - File Upload Test Started
2026-04-09 12:22:31 INFO  BaseTest:62 - File Uploaded Successfully
2026-04-09 12:22:36 INFO  BaseTest:62 - Upload Button clicked
2026-04-09 12:22:36 INFO  BaseTest:62 - Uploaded File can be seen
2026-04-09 12:22:45 INFO  BaseTest:74 - Test File Upload with Robot Started
2026-04-09 12:23:54 INFO  BaseTest:44 - File Upload Test Started
2026-04-09 12:24:07 INFO  BaseTest:62 - File Uploaded Successfully
2026-04-09 12:24:11 INFO  BaseTest:62 - Upload Button clicked
2026-04-09 12:24:11 INFO  BaseTest:62 - Uploaded File can be seen
2026-04-09 12:24:23 INFO  BaseTest:74 - Test File Upload with Robot Started
2026-04-09 12:26:21 INFO  BaseTest:44 - File Upload Test Started
2026-04-09 12:26:35 INFO  BaseTest:62 - File Uploaded Successfully
2026-04-09 12:26:39 INFO  BaseTest:62 - Upload Button clicked
2026-04-09 12:26:39 INFO  BaseTest:62 - Uploaded File can be seen
2026-04-09 12:26:50 INFO  BaseTest:74 - Test File Upload with Robot Started
2026-04-09 12:41:34 INFO  BaseTest:44 - File Upload Test Started
2026-04-09 12:41:46 INFO  BaseTest:62 - File Uploaded Successfully
2026-04-09 12:41:49 INFO  BaseTest:62 - Upload Button clicked
2026-04-09 12:41:50 INFO  BaseTest:62 - Uploaded File can be seen
2026-04-09 12:41:58 INFO  BaseTest:74 - Test File Upload with Robot Started
2026-04-09 12:43:06 INFO  BaseTest:44 - File Upload Test Started
2026-04-09 12:43:18 INFO  BaseTest:62 - File Uploaded Successfully
2026-04-09 12:43:22 INFO  BaseTest:62 - Upload Button clicked
2026-04-09 12:43:22 INFO  BaseTest:62 - Uploaded File can be seen
2026-04-09 12:43:30 INFO  BaseTest:74 - Test File Upload with Robot Started
2026-04-09 12:43:35 INFO  BaseTest:62 - Uploaded File through Robot can be seen
2026-04-09 13:51:35 INFO  BaseTest:62 - Starting test: testActionsMouseHovers
2026-04-09 13:51:35 INFO  BaseTest:41 - Test Started
2026-04-09 13:51:43 INFO  BaseTest:49 - Hover Completed
2026-04-09 13:51:46 INFO  BaseTest:56 - Test Successful
2026-04-09 13:51:46 INFO  BaseTest:62 - Test Passed
2026-04-09 13:51:46 INFO  BaseTest:62 - Starting test: testKeyPresses
2026-04-09 13:51:46 INFO  BaseTest:68 - Test Key Press Started
2026-04-09 13:51:56 INFO  BaseTest:62 - Test Passed
2026-04-09 13:52:15 INFO  BaseTest:62 - Starting test: testActionsMouseHovers
2026-04-09 13:52:15 INFO  BaseTest:41 - Test Started
2026-04-09 13:52:21 INFO  BaseTest:49 - Hover Completed
2026-04-09 13:52:25 INFO  BaseTest:56 - Test Successful
2026-04-09 13:52:25 INFO  BaseTest:62 - Test Passed
2026-04-09 13:52:25 INFO  BaseTest:62 - Starting test: testKeyPresses
2026-04-09 13:52:25 INFO  BaseTest:68 - Test Key Press Started
2026-04-09 13:52:34 INFO  BaseTest:62 - Test Passed
2026-04-09 13:52:43 INFO  BaseTest:62 - Login Successful
2026-04-09 13:52:43 INFO  BaseTest:62 - Login Successful
2026-04-09 13:52:45 INFO  BaseTest:62 - Login Successful
2026-04-09 13:52:46 INFO  BaseTest:62 - Starting test: ValidateUserSearch
2026-04-09 13:52:46 INFO  BaseTest:62 - Starting test: ValidateAssignLeave
2026-04-09 13:52:47 INFO  BaseTest:62 - User Found Successfully
2026-04-09 13:52:48 INFO  BaseTest:62 - Starting test: ValidateAssignLeave
2026-04-09 13:52:48 INFO  BaseTest:62 - Leave Records Found Successfully
2026-04-09 13:52:48 INFO  BaseTest:62 - Test Passed
2026-04-09 13:52:49 INFO  BaseTest:62 - Logout Successful
2026-04-09 13:52:49 INFO  BaseTest:62 - Employee Name is validated successfully
2026-04-09 13:52:49 INFO  BaseTest:62 - Test Passed
2026-04-09 13:52:50 INFO  BaseTest:62 - Test Passed
2026-04-09 13:52:52 INFO  BaseTest:62 - Logout Successful
2026-04-09 13:52:52 INFO  BaseTest:62 - Logout Successful
2026-04-09 13:52:53 INFO  BaseTest:62 - Starting test: testBasicAuthUsingRobot
2026-04-09 13:52:58 INFO  BaseTest:62 - Starting test: fileUpload
2026-04-09 13:52:58 INFO  BaseTest:44 - File Upload Test Started
2026-04-09 13:53:01 INFO  BaseTest:62 - Login Successful
2026-04-09 13:53:04 INFO  BaseTest:62 - Starting test: validateUserInformation
2026-04-09 13:53:08 INFO  BaseTest:62 - Starting test: validateUserInformationAfterUpdate
2026-04-09 13:53:10 INFO  BaseTest:62 - File Uploaded Successfully
2026-04-09 13:53:10 INFO  BaseTest:62 - Starting test: testBasicAuthUsingURL
2026-04-09 13:53:12 INFO  BaseTest:62 - User Details Saved
2026-04-09 13:53:12 INFO  BaseTest:62 - Test Passed
2026-04-09 13:53:13 INFO  BaseTest:62 - Logout Successful
2026-04-09 13:53:14 INFO  BaseTest:62 - Upload Button clicked
2026-04-09 13:53:14 INFO  BaseTest:62 - Uploaded File can be seen
2026-04-09 13:53:14 INFO  BaseTest:62 - Test Passed
2026-04-09 13:53:14 INFO  BaseTest:62 - Starting test: fileUploadUsingRobot
2026-04-09 13:53:16 INFO  BaseTest:62 - Test Passed
2026-04-09 13:53:16 INFO  BaseTest:62 - Starting test: testBasicAuthUsingAutoIT
2026-04-09 13:53:20 INFO  BaseTest:74 - Test File Upload with Robot Started
2026-04-09 13:53:25 INFO  BaseTest:62 - Uploaded File through Robot can be seen
2026-04-09 13:53:25 INFO  BaseTest:62 - Test Passed
2026-04-09 13:53:28 INFO  BaseTest:62 - Test Passed
2026-04-09 13:58:13 INFO  BaseTest:62 - Starting test: testActionsMouseHovers
2026-04-09 13:58:14 INFO  BaseTest:41 - Test Started
2026-04-09 13:58:20 INFO  BaseTest:49 - Hover Completed
2026-04-09 13:58:24 INFO  BaseTest:56 - Test Successful
2026-04-09 13:58:24 INFO  BaseTest:62 - Test Passed
2026-04-09 13:58:24 INFO  BaseTest:62 - Starting test: testKeyPresses
2026-04-09 13:58:24 INFO  BaseTest:68 - Test Key Press Started
2026-04-09 13:58:32 INFO  BaseTest:62 - Test Passed
2026-04-09 13:58:48 INFO  BaseTest:62 - Login Successful
2026-04-09 13:58:50 INFO  BaseTest:62 - Starting test: testBasicAuthUsingRobot
2026-04-09 13:58:50 INFO  BaseTest:62 - Login Successful
2026-04-09 13:58:51 INFO  BaseTest:62 - Login Successful
2026-04-09 13:58:51 INFO  BaseTest:62 - Starting test: ValidateAssignLeave
2026-04-09 13:58:52 INFO  BaseTest:62 - Login Successful
2026-04-09 13:58:53 INFO  BaseTest:62 - Starting test: ValidateAssignLeave
2026-04-09 13:58:54 INFO  BaseTest:62 - Starting test: ValidateUserSearch
2026-04-09 13:58:55 INFO  BaseTest:62 - Starting test: validateUserInformation
2026-04-09 13:59:01 INFO  BaseTest:62 - Employee Name is validated successfully
2026-04-09 13:59:01 INFO  BaseTest:62 - Test Passed
2026-04-09 13:59:07 INFO  BaseTest:62 - Leave Records Found Successfully
2026-04-09 13:59:07 INFO  BaseTest:62 - Test Passed
2026-04-09 13:59:07 INFO  BaseTest:62 - Starting test: testBasicAuthUsingURL
2026-04-09 13:59:08 INFO  BaseTest:62 - Logout Successful
2026-04-09 13:59:12 INFO  BaseTest:62 - User Found Successfully
2026-04-09 13:59:14 INFO  BaseTest:62 - Test Passed
2026-04-09 13:59:14 INFO  BaseTest:62 - Starting test: testBasicAuthUsingAutoIT
2026-04-09 13:59:14 INFO  BaseTest:62 - Logout Successful
2026-04-09 13:59:15 INFO  BaseTest:62 - Starting test: validateUserInformationAfterUpdate
2026-04-09 13:59:15 INFO  BaseTest:62 - Test Passed
2026-04-09 13:59:16 INFO  BaseTest:62 - Starting test: fileUpload
2026-04-09 13:59:16 INFO  BaseTest:44 - File Upload Test Started
2026-04-09 13:59:21 INFO  BaseTest:62 - Logout Successful
2026-04-09 13:59:28 INFO  BaseTest:62 - File Uploaded Successfully
2026-04-09 13:59:29 INFO  BaseTest:62 - Test Passed
2026-04-09 13:59:32 INFO  BaseTest:62 - Upload Button clicked
2026-04-09 13:59:32 INFO  BaseTest:62 - Uploaded File can be seen
2026-04-09 13:59:32 INFO  BaseTest:62 - Test Passed
2026-04-09 13:59:32 INFO  BaseTest:62 - Starting test: fileUploadUsingRobot
2026-04-09 13:59:33 INFO  BaseTest:62 - Logout Successful
2026-04-09 13:59:40 INFO  BaseTest:74 - Test File Upload with Robot Started
2026-04-09 14:04:00 INFO  BaseTest:62 - Starting test: testActionsMouseHovers
2026-04-09 14:04:00 INFO  BaseTest:41 - Test Started
2026-04-09 14:04:09 INFO  BaseTest:49 - Hover Completed
2026-04-09 14:04:13 INFO  BaseTest:56 - Test Successful
2026-04-09 14:04:13 INFO  BaseTest:62 - Test Passed
2026-04-09 14:04:13 INFO  BaseTest:62 - Starting test: testKeyPresses
2026-04-09 14:04:13 INFO  BaseTest:68 - Test Key Press Started
2026-04-09 14:04:21 INFO  BaseTest:62 - Test Passed
2026-04-09 14:04:35 INFO  BaseTest:62 - Starting test: testBasicAuthUsingRobot
2026-04-09 14:04:38 INFO  BaseTest:62 - Login Successful
2026-04-09 14:04:41 INFO  BaseTest:62 - Starting test: ValidateUserSearch
2026-04-09 14:04:48 INFO  BaseTest:62 - Login Successful
2026-04-09 14:04:48 INFO  BaseTest:62 - Login Successful
2026-04-09 14:04:48 INFO  BaseTest:62 - Login Successful
2026-04-09 14:04:51 INFO  BaseTest:62 - Starting test: validateUserInformation
2026-04-09 14:04:51 INFO  BaseTest:62 - Starting test: ValidateAssignLeave
2026-04-09 14:04:51 INFO  BaseTest:62 - Starting test: ValidateAssignLeave
2026-04-09 14:05:03 INFO  BaseTest:62 - Starting test: fileUpload
2026-04-09 14:05:03 INFO  BaseTest:44 - File Upload Test Started
2026-04-09 14:05:16 INFO  BaseTest:62 - Employee Name is validated successfully
2026-04-09 14:05:16 INFO  BaseTest:62 - Test Passed
2026-04-09 14:05:16 INFO  BaseTest:62 - File Uploaded Successfully
2026-04-09 14:05:16 INFO  BaseTest:62 - Leave Records Found Successfully
2026-04-09 14:05:16 INFO  BaseTest:62 - Test Passed
2026-04-09 14:05:18 INFO  BaseTest:62 - User Found Successfully
2026-04-09 14:05:20 INFO  BaseTest:62 - Upload Button clicked
2026-04-09 14:05:20 INFO  BaseTest:62 - Uploaded File can be seen
2026-04-09 14:05:20 INFO  BaseTest:62 - Test Passed
2026-04-09 14:05:20 INFO  BaseTest:62 - Starting test: fileUploadUsingRobot
2026-04-09 14:05:21 INFO  BaseTest:62 - Test Passed
2026-04-09 14:05:26 INFO  BaseTest:62 - Logout Successful
2026-04-09 14:05:26 INFO  BaseTest:62 - Logout Successful
2026-04-09 14:05:28 INFO  BaseTest:62 - Logout Successful
2026-04-09 14:05:28 INFO  BaseTest:74 - Test File Upload with Robot Started
2026-04-09 14:20:06 INFO  BaseTest:65 - Starting test: testActionsMouseHovers
2026-04-09 14:20:06 INFO  BaseTest:41 - Test Started
2026-04-09 14:20:13 INFO  BaseTest:49 - Hover Completed
2026-04-09 14:20:16 INFO  BaseTest:56 - Test Successful
2026-04-09 14:20:17 INFO  BaseTest:65 - Test Passed
2026-04-09 14:20:17 INFO  BaseTest:65 - Starting test: testKeyPresses
2026-04-09 14:20:17 INFO  BaseTest:68 - Test Key Press Started
2026-04-09 14:20:25 INFO  BaseTest:65 - Test Passed
2026-04-09 14:20:29 INFO  BaseTest:65 - Starting test: testBasicAuthUsingRobot
2026-04-09 14:20:34 INFO  BaseTest:65 - Login Successful
2026-04-09 14:20:35 INFO  BaseTest:65 - Login Successful
2026-04-09 14:20:38 INFO  BaseTest:65 - Starting test: validateUserInformation
2026-04-09 14:20:38 INFO  BaseTest:65 - Starting test: ValidateUserSearch
2026-04-09 14:20:40 INFO  BaseTest:65 - Login Successful
2026-04-09 14:20:40 INFO  BaseTest:65 - Login Successful
2026-04-09 14:20:42 INFO  BaseTest:65 - User Found Successfully
2026-04-09 14:20:43 INFO  BaseTest:65 - Starting test: ValidateAssignLeave
2026-04-09 14:20:43 INFO  BaseTest:65 - Starting test: ValidateAssignLeave
2026-04-09 14:20:43 INFO  BaseTest:65 - Starting test: validateUserInformationAfterUpdate
2026-04-09 14:20:45 INFO  BaseTest:65 - Test Passed
2026-04-09 14:20:45 INFO  BaseTest:65 - Employee Name is validated successfully
2026-04-09 14:20:45 INFO  BaseTest:65 - Test Passed
2026-04-09 14:20:45 INFO  BaseTest:65 - Leave Records Found Successfully
2026-04-09 14:20:45 INFO  BaseTest:65 - Test Passed
2026-04-09 14:20:46 INFO  BaseTest:65 - Logout Successful
2026-04-09 14:20:46 INFO  BaseTest:65 - Logout Successful
2026-04-09 14:20:46 INFO  BaseTest:65 - Logout Successful
2026-04-09 14:20:46 INFO  BaseTest:65 - User Details Saved
2026-04-09 14:20:47 INFO  BaseTest:65 - Test Passed
2026-04-09 14:20:48 INFO  BaseTest:65 - Starting test: fileUpload
2026-04-09 14:20:48 INFO  BaseTest:44 - File Upload Test Started
2026-04-09 14:20:48 INFO  BaseTest:65 - Logout Successful
2026-04-09 14:20:48 INFO  BaseTest:65 - Starting test: testBasicAuthUsingURL
2026-04-09 14:20:54 INFO  BaseTest:65 - Test Passed
2026-04-09 14:20:54 INFO  BaseTest:65 - Starting test: testBasicAuthUsingAutoIT
2026-04-09 14:21:00 INFO  BaseTest:65 - File Uploaded Successfully
2026-04-09 14:21:04 INFO  BaseTest:65 - Upload Button clicked
2026-04-09 14:21:04 INFO  BaseTest:65 - Uploaded File can be seen
2026-04-09 14:21:04 INFO  BaseTest:65 - Test Passed
2026-04-09 14:21:04 INFO  BaseTest:65 - Test Passed
2026-04-09 14:21:04 INFO  BaseTest:65 - Starting test: fileUploadUsingRobot
2026-04-09 14:21:12 INFO  BaseTest:74 - Test File Upload with Robot Started
2026-04-09 14:35:43 INFO  BaseTest:65 - Starting test: testActionsMouseHovers
2026-04-09 14:35:43 INFO  BaseTest:41 - Test Started
2026-04-09 14:35:51 INFO  BaseTest:49 - Hover Completed
2026-04-09 14:35:55 INFO  BaseTest:56 - Test Successful
2026-04-09 14:35:55 INFO  BaseTest:65 - Test Passed
2026-04-09 14:35:55 INFO  BaseTest:65 - Starting test: testKeyPresses
2026-04-09 14:35:55 INFO  BaseTest:68 - Test Key Press Started
2026-04-09 14:36:03 INFO  BaseTest:65 - Test Passed
2026-04-09 14:36:44 INFO  BaseTest:65 - Starting test: testActionsMouseHovers
2026-04-09 14:36:44 INFO  BaseTest:41 - Test Started
2026-04-09 14:36:51 INFO  BaseTest:49 - Hover Completed
2026-04-09 14:36:55 INFO  BaseTest:56 - Test Successful
2026-04-09 14:36:55 INFO  BaseTest:65 - Test Passed
2026-04-09 14:36:55 INFO  BaseTest:65 - Starting test: testKeyPresses
2026-04-09 14:36:55 INFO  BaseTest:68 - Test Key Press Started
2026-04-09 14:37:03 INFO  BaseTest:65 - Test Passed
2026-04-09 14:37:14 INFO  BaseTest:65 - Login Successful
2026-04-09 14:37:17 INFO  BaseTest:65 - Starting test: testBasicAuthUsingRobot
2026-04-09 14:37:17 INFO  BaseTest:65 - Login Successful
2026-04-09 14:37:17 INFO  BaseTest:65 - Starting test: ValidateUserSearch
2026-04-09 14:37:18 INFO  BaseTest:65 - Login Successful
2026-04-09 14:37:19 INFO  BaseTest:65 - Login Successful
2026-04-09 14:37:19 INFO  BaseTest:65 - User Found Successfully
2026-04-09 14:37:20 INFO  BaseTest:65 - Starting test: validateUserInformation
2026-04-09 14:37:21 INFO  BaseTest:65 - Starting test: ValidateAssignLeave
2026-04-09 14:37:22 INFO  BaseTest:65 - Starting test: ValidateAssignLeave
2026-04-09 14:37:22 INFO  BaseTest:65 - Test Passed
2026-04-09 14:37:23 INFO  BaseTest:65 - Logout Successful
2026-04-09 14:37:24 INFO  BaseTest:65 - Employee Name is validated successfully
2026-04-09 14:37:24 INFO  BaseTest:65 - Test Passed
2026-04-09 14:37:24 INFO  BaseTest:65 - Leave Records Found Successfully
2026-04-09 14:37:24 INFO  BaseTest:65 - Test Passed
2026-04-09 14:37:25 INFO  BaseTest:65 - Logout Successful
2026-04-09 14:37:25 INFO  BaseTest:65 - Logout Successful
2026-04-09 14:37:25 INFO  BaseTest:65 - Starting test: validateUserInformationAfterUpdate
2026-04-09 14:37:28 INFO  BaseTest:65 - User Details Saved
2026-04-09 14:37:28 INFO  BaseTest:65 - Test Passed
2026-04-09 14:37:29 INFO  BaseTest:65 - Logout Successful
2026-04-09 14:37:29 INFO  BaseTest:65 - Starting test: fileUpload
2026-04-09 14:37:29 INFO  BaseTest:44 - File Upload Test Started
2026-04-09 14:37:32 INFO  BaseTest:65 - Test Passed
2026-04-09 14:37:32 INFO  BaseTest:65 - Starting test: testBasicAuthUsingURL
2026-04-09 14:37:37 INFO  BaseTest:65 - Test Passed
2026-04-09 14:37:37 INFO  BaseTest:65 - Starting test: testBasicAuthUsingAutoIT
2026-04-09 14:37:42 INFO  BaseTest:65 - File Uploaded Successfully
2026-04-09 14:37:45 INFO  BaseTest:65 - Upload Button clicked
2026-04-09 14:37:45 INFO  BaseTest:65 - Uploaded File can be seen
2026-04-09 14:37:45 INFO  BaseTest:65 - Test Passed
2026-04-09 14:37:45 INFO  BaseTest:65 - Starting test: fileUploadUsingRobot
2026-04-09 14:37:54 INFO  BaseTest:74 - Test File Upload with Robot Started
2026-04-09 15:49:25 INFO  BaseTest:44 - File Upload Test Started
2026-04-09 15:49:37 INFO  BaseTest:65 - File Uploaded Successfully
2026-04-09 15:49:41 INFO  BaseTest:65 - Upload Button clicked
2026-04-09 15:49:41 INFO  BaseTest:65 - Uploaded File can be seen
2026-04-09 15:49:49 INFO  BaseTest:74 - Test File Upload with Robot Started
2026-04-09 15:50:03 INFO  BaseTest:110 - Test File Download Started
2026-04-09 15:54:42 INFO  BaseTest:44 - File Upload Test Started
2026-04-09 15:54:54 INFO  BaseTest:65 - File Uploaded Successfully
2026-04-09 15:54:58 INFO  BaseTest:65 - Upload Button clicked
2026-04-09 15:54:58 INFO  BaseTest:65 - Uploaded File can be seen
2026-04-09 15:55:06 INFO  BaseTest:74 - Test File Upload with Robot Started
2026-04-09 15:55:17 INFO  BaseTest:110 - Test File Download Started
2026-04-09 16:05:23 INFO  BaseTest:44 - File Upload Test Started
2026-04-09 16:05:35 INFO  BaseTest:65 - File Uploaded Successfully
2026-04-09 16:05:39 INFO  BaseTest:65 - Upload Button clicked
2026-04-09 16:05:39 INFO  BaseTest:65 - Uploaded File can be seen
2026-04-09 16:05:47 INFO  BaseTest:74 - Test File Upload with Robot Started
2026-04-09 16:06:01 INFO  BaseTest:110 - Test File Download Started
2026-04-09 16:06:02 INFO  BaseTest:117 - File downloaded successfully: C:\Users\Admin\eclipse-workspace\TestPractice\src\test\resources\fileDownload\29cceacc-b29d-498b-b18b-fab0146cd1a8.tmp
2026-04-09 16:10:16 INFO  BaseTest:44 - File Upload Test Started
2026-04-09 16:10:29 INFO  BaseTest:65 - File Uploaded Successfully
2026-04-09 16:10:32 INFO  BaseTest:65 - Upload Button clicked
2026-04-09 16:10:32 INFO  BaseTest:65 - Uploaded File can be seen
2026-04-09 16:10:41 INFO  BaseTest:74 - Test File Upload with Robot Started
2026-04-09 16:10:54 INFO  BaseTest:110 - Test File Download Started
2026-04-09 16:10:56 INFO  BaseTest:117 - File downloaded successfully: C:\Users\Admin\eclipse-workspace\TestPractice\src\test\resources\fileDownload\signature.pdf
2026-04-09 16:20:42 INFO  BaseTest:44 - File Upload Test Started
2026-04-09 16:20:55 INFO  BaseTest:65 - File Uploaded Successfully
2026-04-09 16:20:58 INFO  BaseTest:65 - Upload Button clicked
2026-04-09 16:20:58 INFO  BaseTest:65 - Uploaded File can be seen
2026-04-09 16:21:07 INFO  BaseTest:74 - Test File Upload with Robot Started
2026-04-09 16:21:12 INFO  BaseTest:65 - Uploaded File through Robot can be seen
2026-04-09 16:21:21 INFO  BaseTest:110 - Test File Download Started
2026-04-09 16:21:23 INFO  BaseTest:117 - File downloaded successfully: C:\Users\Admin\eclipse-workspace\TestPractice\src\test\resources\fileDownload\signature.pdf
2026-04-09 18:31:37 INFO  BaseTest:47 - Broken Images Test Started
2026-04-09 18:32:58 INFO  BaseTest:47 - Broken Images Test Started
2026-04-09 19:51:24 INFO  BaseTest:47 - Broken Images Test Started
2026-04-09 19:52:57 INFO  BaseTest:47 - Broken Images Test Started
2026-04-09 20:02:08 INFO  BaseTest:47 - Broken Images Test Started
2026-06-20 10:08:48 INFO  BaseTest:41 - Test Started
2026-06-20 10:08:52 INFO  BaseTest:49 - Hover Completed
2026-06-20 10:08:52 WARN  BaseTest:50 - Hover Completed with Warn
2026-06-20 10:08:52 ERROR BaseTest:51 - Hover Completed with Error
2026-06-20 10:08:55 INFO  BaseTest:59 - Test Successful
2026-06-20 10:08:55 INFO  BaseTest:71 - Test Key Press Started
2026-06-20 10:20:36 INFO  BaseTest:65 - Starting test: testActionsMouseHovers
2026-06-20 10:20:36 ERROR BaseTest:73 - Test Skipped: org.openqa.selenium.SessionNotCreatedException: Could not start a new session. Response code 500. Message: session not created: This version of Microsoft Edge WebDriver only supports Microsoft Edge version 146
Current browser version is 149.0.4022.69 with binary path C:\Program Files (x86)\Microsoft\Edge\Application\msedge.exe 
Host info: host: 'DESKTOP-0UM53C8', ip: '192.168.1.23'
Build info: version: '4.23.0', revision: '4df0a231af'
System info: os.name: 'Windows 11', os.arch: 'amd64', os.version: '10.0', java.version: '25.0.2'
Driver info: org.openqa.selenium.edge.EdgeDriver
Command: [null, newSession {capabilities=[Capabilities {browserName: MicrosoftEdge, ms:edgeOptions: {args: [], extensions: []}}]}]
2026-06-20 10:20:36 INFO  BaseTest:65 - Starting test: testKeyPresses
2026-06-20 10:20:36 ERROR BaseTest:73 - Test Skipped: org.openqa.selenium.SessionNotCreatedException: Could not start a new session. Response code 500. Message: session not created: This version of Microsoft Edge WebDriver only supports Microsoft Edge version 146
Current browser version is 149.0.4022.69 with binary path C:\Program Files (x86)\Microsoft\Edge\Application\msedge.exe 
Host info: host: 'DESKTOP-0UM53C8', ip: '192.168.1.23'
Build info: version: '4.23.0', revision: '4df0a231af'
System info: os.name: 'Windows 11', os.arch: 'amd64', os.version: '10.0', java.version: '25.0.2'
Driver info: org.openqa.selenium.edge.EdgeDriver
Command: [null, newSession {capabilities=[Capabilities {browserName: MicrosoftEdge, ms:edgeOptions: {args: [], extensions: []}}]}]
2026-06-20 10:21:05 INFO  BaseTest:65 - Starting test: testActionsMouseHovers
2026-06-20 10:21:05 ERROR BaseTest:73 - Test Skipped: org.openqa.selenium.SessionNotCreatedException: Could not start a new session. Response code 500. Message: session not created: This version of Microsoft Edge WebDriver only supports Microsoft Edge version 146
Current browser version is 149.0.4022.69 with binary path C:\Program Files (x86)\Microsoft\Edge\Application\msedge.exe 
Host info: host: 'DESKTOP-0UM53C8', ip: '192.168.1.23'
Build info: version: '4.23.0', revision: '4df0a231af'
System info: os.name: 'Windows 11', os.arch: 'amd64', os.version: '10.0', java.version: '25.0.2'
Driver info: org.openqa.selenium.edge.EdgeDriver
Command: [null, newSession {capabilities=[Capabilities {browserName: MicrosoftEdge, ms:edgeOptions: {args: [], extensions: []}}]}]
2026-06-20 10:21:05 INFO  BaseTest:65 - Starting test: testKeyPresses
2026-06-20 10:21:05 ERROR BaseTest:73 - Test Skipped: org.openqa.selenium.SessionNotCreatedException: Could not start a new session. Response code 500. Message: session not created: This version of Microsoft Edge WebDriver only supports Microsoft Edge version 146
Current browser version is 149.0.4022.69 with binary path C:\Program Files (x86)\Microsoft\Edge\Application\msedge.exe 
Host info: host: 'DESKTOP-0UM53C8', ip: '192.168.1.23'
Build info: version: '4.23.0', revision: '4df0a231af'
System info: os.name: 'Windows 11', os.arch: 'amd64', os.version: '10.0', java.version: '25.0.2'
Driver info: org.openqa.selenium.edge.EdgeDriver
Command: [null, newSession {capabilities=[Capabilities {browserName: MicrosoftEdge, ms:edgeOptions: {args: [], extensions: []}}]}]
2026-06-20 10:21:37 INFO  BaseTest:65 - Starting test: testActionsMouseHovers
2026-06-20 10:21:37 ERROR BaseTest:73 - Test Skipped: org.openqa.selenium.SessionNotCreatedException: Could not start a new session. Response code 500. Message: session not created: This version of Microsoft Edge WebDriver only supports Microsoft Edge version 146
Current browser version is 149.0.4022.69 with binary path C:\Program Files (x86)\Microsoft\Edge\Application\msedge.exe 
Host info: host: 'DESKTOP-0UM53C8', ip: '192.168.1.23'
Build info: version: '4.23.0', revision: '4df0a231af'
System info: os.name: 'Windows 11', os.arch: 'amd64', os.version: '10.0', java.version: '25.0.2'
Driver info: org.openqa.selenium.edge.EdgeDriver
Command: [null, newSession {capabilities=[Capabilities {browserName: MicrosoftEdge, ms:edgeOptions: {args: [], extensions: []}}]}]
2026-06-20 10:21:37 INFO  BaseTest:65 - Starting test: testKeyPresses
2026-06-20 10:21:37 ERROR BaseTest:73 - Test Skipped: org.openqa.selenium.SessionNotCreatedException: Could not start a new session. Response code 500. Message: session not created: This version of Microsoft Edge WebDriver only supports Microsoft Edge version 146
Current browser version is 149.0.4022.69 with binary path C:\Program Files (x86)\Microsoft\Edge\Application\msedge.exe 
Host info: host: 'DESKTOP-0UM53C8', ip: '192.168.1.23'
Build info: version: '4.23.0', revision: '4df0a231af'
System info: os.name: 'Windows 11', os.arch: 'amd64', os.version: '10.0', java.version: '25.0.2'
Driver info: org.openqa.selenium.edge.EdgeDriver
Command: [null, newSession {capabilities=[Capabilities {browserName: MicrosoftEdge, ms:edgeOptions: {args: [], extensions: []}}]}]
2026-06-20 10:28:12 INFO  BaseTest:65 - Starting test: testActionsMouseHovers
2026-06-20 10:28:12 INFO  BaseTest:41 - Test Started
2026-06-20 10:28:16 INFO  BaseTest:49 - Hover Completed
2026-06-20 10:28:16 WARN  BaseTest:50 - Hover Completed with Warn
2026-06-20 10:28:16 ERROR BaseTest:51 - Hover Completed with Error
2026-06-20 10:28:17 INFO  BaseTest:65 - Starting test: testKeyPresses
2026-06-20 10:28:17 INFO  BaseTest:72 - Test Key Press Started
2026-06-20 10:28:23 INFO  BaseTest:65 - Test Passed
2026-06-20 10:32:18 INFO  BaseTest:65 - Starting test: testActionsMouseHovers
2026-06-20 10:32:18 INFO  BaseTest:41 - Test Started
2026-06-20 10:32:21 INFO  BaseTest:49 - Hover Completed
2026-06-20 10:32:21 WARN  BaseTest:50 - Hover Completed with Warn
2026-06-20 10:32:21 ERROR BaseTest:51 - Hover Completed with Error
2026-06-20 10:32:22 INFO  BaseTest:65 - Starting test: testKeyPresses
2026-06-20 10:32:22 INFO  BaseTest:72 - Test Key Press Started
2026-06-20 10:32:32 INFO  BaseTest:65 - Test Passed
2026-06-20 10:36:48 INFO  BaseTest:65 - Starting test: testActionsMouseHovers
2026-06-20 10:36:48 INFO  BaseTest:41 - Test Started
2026-06-20 10:36:52 INFO  BaseTest:49 - Hover Completed
2026-06-20 10:36:52 WARN  BaseTest:50 - Hover Completed with Warn
2026-06-20 10:36:52 ERROR BaseTest:51 - Hover Completed with Error
2026-06-20 10:36:52 INFO  BaseTest:65 - Starting test: testKeyPresses
2026-06-20 10:36:52 INFO  BaseTest:72 - Test Key Press Started
2026-06-20 10:37:00 INFO  BaseTest:65 - Test Passed
2026-06-20 12:07:08 INFO  BaseTest:65 - Starting test: testActionsMouseHovers
2026-06-20 12:07:08 INFO  BaseTest:41 - Test Started
2026-06-20 12:07:12 INFO  BaseTest:49 - Hover Completed
2026-06-20 12:07:12 WARN  BaseTest:50 - Hover Completed with Warn
2026-06-20 12:07:12 ERROR BaseTest:51 - Hover Completed with Error
2026-06-20 12:07:12 INFO  BaseTest:65 - Starting test: testKeyPresses
2026-06-20 12:07:12 INFO  BaseTest:72 - Test Key Press Started
2026-06-20 12:07:23 INFO  BaseTest:65 - Test Passed
2026-06-20 15:40:45 INFO  BaseTest:65 - Starting test: testActionsMouseHovers
2026-06-20 15:40:45 INFO  BaseTest:41 - Test Started
2026-06-20 15:40:51 INFO  BaseTest:49 - Hover Completed
2026-06-20 15:40:51 WARN  BaseTest:50 - Hover Completed with Warn
2026-06-20 15:40:51 ERROR BaseTest:51 - Hover Completed with Error
2026-06-20 15:40:52 ERROR BaseTest:73 - Test Skipped: java.lang.AssertionError: expected [true] but found [false]
2026-06-20 15:40:52 INFO  BaseTest:65 - Starting test: testActionsMouseHovers
2026-06-20 15:40:52 INFO  BaseTest:41 - Test Started
2026-06-20 15:40:57 INFO  BaseTest:49 - Hover Completed
2026-06-20 15:40:57 WARN  BaseTest:50 - Hover Completed with Warn
2026-06-20 15:40:57 ERROR BaseTest:51 - Hover Completed with Error
2026-06-20 15:40:58 ERROR BaseTest:73 - Test Skipped: java.lang.AssertionError: expected [true] but found [false]
2026-06-20 15:40:58 INFO  BaseTest:65 - Starting test: testActionsMouseHovers
2026-06-20 15:40:58 INFO  BaseTest:41 - Test Started
2026-06-20 15:41:03 INFO  BaseTest:49 - Hover Completed
2026-06-20 15:41:03 WARN  BaseTest:50 - Hover Completed with Warn
2026-06-20 15:41:03 ERROR BaseTest:51 - Hover Completed with Error
2026-06-20 15:41:04 INFO  BaseTest:65 - Starting test: testKeyPresses
2026-06-20 15:41:04 INFO  BaseTest:72 - Test Key Press Started
2026-06-20 15:41:14 INFO  BaseTest:65 - Test Passed
2026-06-20 15:49:21 INFO  BaseTest:82 - Starting test: testActionsMouseHovers
2026-06-20 15:49:21 INFO  BaseTest:41 - Test Started
2026-06-20 15:49:27 INFO  BaseTest:49 - Hover Completed
2026-06-20 15:49:27 WARN  BaseTest:50 - Hover Completed with Warn
2026-06-20 15:49:27 ERROR BaseTest:51 - Hover Completed with Error
2026-06-20 15:49:27 ERROR BaseTest:90 - Test Skipped: java.lang.AssertionError: expected [true] but found [false]
2026-06-20 15:49:27 INFO  BaseTest:82 - Starting test: testActionsMouseHovers
2026-06-20 15:49:27 INFO  BaseTest:41 - Test Started
2026-06-20 15:49:33 INFO  BaseTest:49 - Hover Completed
2026-06-20 15:49:33 WARN  BaseTest:50 - Hover Completed with Warn
2026-06-20 15:49:33 ERROR BaseTest:51 - Hover Completed with Error
2026-06-20 15:49:33 ERROR BaseTest:90 - Test Skipped: java.lang.AssertionError: expected [true] but found [false]
2026-06-20 15:49:33 INFO  BaseTest:82 - Starting test: testActionsMouseHovers
2026-06-20 15:49:33 INFO  BaseTest:41 - Test Started
2026-06-20 15:49:39 INFO  BaseTest:49 - Hover Completed
2026-06-20 15:49:39 WARN  BaseTest:50 - Hover Completed with Warn
2026-06-20 15:49:39 ERROR BaseTest:51 - Hover Completed with Error
2026-06-20 15:49:40 INFO  BaseTest:82 - Starting test: testKeyPresses
2026-06-20 15:49:40 INFO  BaseTest:72 - Test Key Press Started
2026-06-20 15:49:51 INFO  BaseTest:82 - Test Passed
2026-06-20 16:02:45 INFO  BaseTest:82 - Starting test: testActionsMouseHovers
2026-06-20 16:02:45 INFO  BaseTest:41 - Test Started
2026-06-20 16:02:51 INFO  BaseTest:49 - Hover Completed
2026-06-20 16:02:51 WARN  BaseTest:50 - Hover Completed with Warn
2026-06-20 16:02:51 ERROR BaseTest:51 - Hover Completed with Error
2026-06-20 16:02:52 ERROR BaseTest:90 - Test Skipped: java.lang.AssertionError: expected [true] but found [false]
2026-06-20 16:02:52 INFO  BaseTest:82 - Starting test: testActionsMouseHovers
2026-06-20 16:02:52 INFO  BaseTest:41 - Test Started
2026-06-20 16:02:57 INFO  BaseTest:49 - Hover Completed
2026-06-20 16:02:57 WARN  BaseTest:50 - Hover Completed with Warn
2026-06-20 16:02:57 ERROR BaseTest:51 - Hover Completed with Error
2026-06-20 16:02:58 ERROR BaseTest:90 - Test Skipped: java.lang.AssertionError: expected [true] but found [false]
2026-06-20 16:02:58 INFO  BaseTest:82 - Starting test: testActionsMouseHovers
2026-06-20 16:02:58 INFO  BaseTest:41 - Test Started
2026-06-20 16:03:04 INFO  BaseTest:49 - Hover Completed
2026-06-20 16:03:04 WARN  BaseTest:50 - Hover Completed with Warn
2026-06-20 16:03:04 ERROR BaseTest:51 - Hover Completed with Error
2026-06-20 16:03:04 INFO  BaseTest:82 - Starting test: testKeyPresses
2026-06-20 16:03:04 INFO  BaseTest:72 - Test Key Press Started
2026-06-20 16:03:21 INFO  BaseTest:82 - Test Passed
